[07:55:36] [main/INFO]: Setting user: Player902
[07:55:46] [main/WARN]: Skipping bad option: lastServer:
[07:55:46] [main/INFO]: LWJGL Version: 2.9.4
[07:56:01] [main/INFO]: Reloading ResourceManager: Default, FMLFileResourcePack:Forge Mod Loader, FMLFileResourcePack:Minecraft Forge, FMLFileResourcePack:Example Mod
[07:56:29] [Sound Library Loader/INFO]: Starting up SoundSystem...
[07:56:29] [Thread-5/INFO]: Initializing LWJGL OpenAL
[07:56:29] [Thread-5/INFO]: (The LWJGL binding of OpenAL.  For more information, see http://www.lwjgl.org)
[07:56:30] [Thread-5/INFO]: OpenAL initialized.
[07:56:30] [Sound Library Loader/INFO]: Sound engine started
[07:56:36] [main/INFO]: Created: 512x512 textures-atlas
[07:56:42] [main/WARN]: Skipping bad option: lastServer:
[07:56:42] [main/INFO]: Narrator library for x64 successfully loaded
[07:56:46] [Realms Notification Availability checker #1/INFO]: Could not authorize you against Realms server: Invalid session id
[07:57:06] [Server thread/INFO]: Starting integrated minecraft server version 1.12.1
[07:57:06] [Server thread/INFO]: Generating keypair
[07:57:12] [Server thread/INFO]: Loaded 488 advancements
[07:57:13] [Server thread/INFO]: Preparing start region for level 0
[07:57:14] [Server thread/INFO]: Preparing spawn area: 0%
[07:57:15] [Server thread/INFO]: Preparing spawn area: 15%
[07:57:16] [Server thread/INFO]: Preparing spawn area: 88%
[07:57:19] [Server thread/INFO]: Player902[local:E:6041c381] logged in with entity id 234 at (-27.664887711042674, 88.0, 461.4738988293052)
[07:57:19] [Server thread/INFO]: Player902 joined the game
[07:57:33] [Server thread/INFO]: Saving and pausing game...
[07:57:35] [Server thread/INFO]: Saving chunks for level 'New World'/overworld
[07:57:37] [Server thread/INFO]: Saving chunks for level 'New World'/the_nether
[07:57:37] [Server thread/INFO]: Saving chunks for level 'New World'/the_end
[07:57:37] [Server thread/WARN]: Can't keep up! Did the system time change, or is the server overloaded? Running 18024ms behind, skipping 360 tick(s)
[07:57:39] [pool-2-thread-1/WARN]: Couldn't look up profile properties for com.mojang.authlib.GameProfile@1e48e0c[id=3d66a28d-6934-3ed5-8300-c1ada16fe77b,name=Player902,properties={},legacy=false]
com.mojang.authlib.exceptions.AuthenticationException: The client has sent too many requests within a certain amount of time
	at com.mojang.authlib.yggdrasil.YggdrasilAuthenticationService.makeRequest(YggdrasilAuthenticationService.java:79) ~[YggdrasilAuthenticationService.class:?]
	at com.mojang.authlib.yggdrasil.YggdrasilMinecraftSessionService.fillGameProfile(YggdrasilMinecraftSessionService.java:180) [YggdrasilMinecraftSessionService.class:?]
	at com.mojang.authlib.yggdrasil.YggdrasilMinecraftSessionService$1.load(YggdrasilMinecraftSessionService.java:60) [YggdrasilMinecraftSessionService$1.class:?]
	at com.mojang.authlib.yggdrasil.YggdrasilMinecraftSessionService$1.load(YggdrasilMinecraftSessionService.java:57) [YggdrasilMinecraftSessionService$1.class:?]
	at com.google.common.cache.LocalCache$LoadingValueReference.loadFuture(LocalCache.java:3716) [guava-21.0.jar:?]
	at com.google.common.cache.LocalCache$Segment.loadSync(LocalCache.java:2424) [guava-21.0.jar:?]
	at com.google.common.cache.LocalCache$Segment.lockedGetOrLoad(LocalCache.java:2298) [guava-21.0.jar:?]
	at com.google.common.cache.LocalCache$Segment.get(LocalCache.java:2211) [guava-21.0.jar:?]
	at com.google.common.cache.LocalCache.get(LocalCache.java:4154) [guava-21.0.jar:?]
	at com.google.common.cache.LocalCache.getOrLoad(LocalCache.java:4158) [guava-21.0.jar:?]
	at com.google.common.cache.LocalCache$LocalLoadingCache.get(LocalCache.java:5147) [guava-21.0.jar:?]
	at com.google.common.cache.LocalCache$LocalLoadingCache.getUnchecked(LocalCache.java:5153) [guava-21.0.jar:?]
	at com.mojang.authlib.yggdrasil.YggdrasilMinecraftSessionService.fillProfileProperties(YggdrasilMinecraftSessionService.java:170) [YggdrasilMinecraftSessionService.class:?]
	at net.minecraft.client.Minecraft.getProfileProperties(Minecraft.java:3172) [Minecraft.class:?]
	at net.minecraft.client.resources.SkinManager$3.run(SkinManager.java:138) [SkinManager$3.class:?]
	at java.util.concurrent.Executors$RunnableAdapter.call(Executors.java:511) [?:1.8.0_144]
	at java.util.concurrent.FutureTask.run(FutureTask.java:266) [?:1.8.0_144]
	at java.util.concurrent.ThreadPoolExecutor.runWorker(ThreadPoolExecutor.java:1149) [?:1.8.0_144]
	at java.util.concurrent.ThreadPoolExecutor$Worker.run(ThreadPoolExecutor.java:624) [?:1.8.0_144]
	at java.lang.Thread.run(Thread.java:748) [?:1.8.0_144]
[07:57:39] [main/INFO]: Loaded 3 advancements
[07:59:05] [Server thread/INFO]: Saving and pausing game...
[07:59:05] [Server thread/INFO]: Saving chunks for level 'New World'/overworld
[07:59:05] [Server thread/INFO]: Saving chunks for level 'New World'/the_nether
[07:59:05] [Server thread/INFO]: Saving chunks for level 'New World'/the_end
[07:59:06] [Server thread/INFO]: Stopping server
[07:59:06] [Server thread/INFO]: Saving players
[07:59:06] [Server thread/INFO]: Player902 lost connection: Disconnected
[07:59:06] [Server thread/INFO]: Player902 left the game
[07:59:06] [Server thread/INFO]: Stopping singleplayer server as player logged out
[07:59:06] [Server thread/INFO]: Saving worlds
[07:59:06] [Server thread/INFO]: Saving chunks for level 'New World'/overworld
[07:59:06] [Server thread/INFO]: Saving chunks for level 'New World'/the_nether
[07:59:06] [Server thread/INFO]: Saving chunks for level 'New World'/the_end
[07:59:09] [main/INFO]: Stopping!
[07:59:09] [main/INFO]: SoundSystem shutting down...
[07:59:10] [main/WARN]: Author: Paul Lamb, www.paulscode.com
